2020-08-17 14:23:46,790 INFO  LoginPage:88 - Start like function.
2020-08-17 14:23:48,215 INFO  LoginPage:20 - Accessed Instagram login page.
2020-08-17 14:23:55,375 INFO  LoginPage:37 - Filled in username input.
2020-08-17 14:23:58,869 INFO  LoginPage:54 - Filled in password input.
2020-08-17 14:23:59,916 INFO  LoginPage:65 - Clicked login button.
2020-08-17 14:23:59,916 INFO  LoginPage:66 - Login Successfully
2020-08-17 14:24:06,260 INFO  LoginPage:78 - Accessed profile.
2020-08-17 14:35:08,628 INFO  LoginPage:20 - Accessed Instagram login page.
2020-08-17 14:36:54,482 INFO  LoginPage:20 - Accessed Instagram login page.
2020-08-17 14:39:23,977 INFO  LoginPage:27 - Accessed Instagram login page.
2020-08-17 14:40:36,788 INFO  LoginPage:22 - Accessed Instagram login page.
2020-08-17 14:42:31,265 INFO  LoginPage:95 - Start like function.
2020-08-17 14:42:35,414 INFO  LoginPage:22 - Accessed Instagram login page.
2020-08-17 14:42:39,453 INFO  LoginPage:30 - Failed to Accessed Instagram login page.
2020-08-17 14:42:40,481 INFO  LoginPage:85 - Accessed profile.
2020-08-17 14:43:44,645 INFO  LoginPage:95 - Start like function.
2020-08-17 14:43:48,679 INFO  LoginPage:22 - Accessed Instagram login page.
2020-08-17 14:43:59,935 INFO  LoginPage:85 - Accessed profile.
2020-08-17 17:57:12,642 INFO  LoginPage:95 - Start like function.
2020-08-17 17:57:13,021 INFO  LoginPage:22 - Accessed Instagram login page.
2020-08-17 17:57:25,490 INFO  LoginPage:44 - Filled in username input.
2020-08-17 17:57:28,913 INFO  LoginPage:61 - Filled in password input.
2020-08-17 17:57:29,961 INFO  LoginPage:72 - Clicked login button.
2020-08-17 17:57:29,961 INFO  LoginPage:73 - Login Successfully
2020-08-17 17:57:39,034 INFO  LoginPage:85 - Accessed profile.
2020-08-17 17:57:45,100 INFO  LikeFollowers:44 - Clicked follower list
2020-08-17 17:57:48,266 INFO  LikeFollowers:78 - Scrolled the follower list to the bottom
2020-08-17 17:57:48,297 INFO  LikeFollowers:91 - Moved to picked follower: truongquocdat.a2.pl2012
2020-08-17 17:57:52,340 INFO  LikeFollowers:94 - Clicked to picked follower
2020-08-17 17:57:58,397 INFO  LikeFollowers:113 - Clicked to the latest post of picked follower
2020-08-17 17:58:02,429 INFO  LikeFollowers:160 - Liked the post
2020-08-17 17:58:05,811 INFO  LikeFollowers:139 - Closed the post
2020-08-17 17:58:09,769 INFO  LoginPage:85 - Accessed profile.
2020-08-17 17:58:13,830 INFO  LikeFollowers:44 - Clicked follower list
2020-08-17 17:58:18,713 INFO  LikeFollowers:78 - Scrolled the follower list to the bottom
2020-08-17 17:58:18,743 INFO  LikeFollowers:91 - Moved to picked follower: soodrohan.6
2020-08-17 17:58:21,783 INFO  LikeFollowers:94 - Clicked to picked follower
2020-08-17 17:58:25,793 WARN  LikeFollowers:122 - No post yet
2020-08-17 17:58:25,924 INFO  LikeFollowers:125 - Returned to follower list
2020-08-17 17:58:31,847 INFO  LoginPage:85 - Accessed profile.
2020-08-17 17:58:35,915 INFO  LikeFollowers:44 - Clicked follower list
2020-08-17 17:58:38,801 INFO  LikeFollowers:78 - Scrolled the follower list to the bottom
2020-08-17 17:58:38,844 INFO  LikeFollowers:91 - Moved to picked follower: kamalbalotiya1990
2020-08-17 17:58:40,882 INFO  LikeFollowers:94 - Clicked to picked follower
2020-08-17 17:58:45,943 INFO  LikeFollowers:113 - Clicked to the latest post of picked follower
2020-08-17 17:58:48,972 INFO  LikeFollowers:160 - Liked the post
2020-08-17 17:58:52,757 INFO  LikeFollowers:139 - Closed the post
2020-08-17 17:58:56,286 INFO  LoginPage:85 - Accessed profile.
2020-08-17 18:02:55,153 INFO  LoginPage:95 - Start like function.
2020-08-17 18:02:56,987 INFO  LoginPage:22 - Accessed Instagram login page.
2020-08-17 18:03:07,037 INFO  LoginPage:85 - Accessed profile.
2020-08-17 18:03:13,095 INFO  LikeComments:38 - Clicked to the latest post.
2020-08-17 18:03:16,113 WARN  LikeComments:88 - No comment yet.
2020-08-17 18:03:16,154 INFO  LikeComments:92 - Moved to the next post because the previous post had no comment
2020-08-17 18:03:19,987 INFO  LikeComments:77 - Moved to picked comment
2020-08-17 18:03:21,988 INFO  LikeComments:81 - Liked picked comment
2020-08-17 18:03:25,976 INFO  LikeComments:77 - Moved to picked comment
2020-08-17 18:03:28,976 INFO  LikeComments:81 - Liked picked comment
2020-08-17 18:03:33,038 INFO  LikeComments:77 - Moved to picked comment
2020-08-17 18:03:36,038 INFO  LikeComments:81 - Liked picked comment
2020-08-17 18:03:39,723 INFO  LikeComments:130 - Closed the post
2020-08-17 18:03:46,154 INFO  Base:124 - Job Complete.
2020-08-17 18:04:44,831 INFO  LoginPage:95 - Start like function.
2020-08-17 18:04:48,266 INFO  LoginPage:22 - Accessed Instagram login page.
2020-08-17 18:04:56,432 INFO  LoginPage:85 - Accessed profile.
2020-08-17 18:05:00,487 INFO  LikeList:48 - Clicked to the latest post
2020-08-17 18:05:03,284 WARN  LikeList:94 - No one has liked this post yet.
2020-08-17 18:05:03,321 INFO  LikeList:98 - Moved to the next post because the previous post hadn't been liked
2020-08-17 18:05:06,706 INFO  LikeList:88 - Clicked to the like list of the post
2020-08-17 18:05:11,624 INFO  LikeList:169 - Moved to tet.isi's profile
2020-08-17 18:05:16,633 WARN  LikeList:190 - The liker has no post yet.
2020-08-17 18:05:16,673 INFO  LikeList:192 - Returned to my latest post
2020-08-17 18:05:19,761 INFO  LikeList:88 - Clicked to the like list of the post
2020-08-17 18:05:26,249 INFO  LikeList:169 - Moved to truongquocdat.a2.pl2012's profile
2020-08-17 18:05:30,297 INFO  LikeList:185 - Clicked to the latest post of picked liker
2020-08-17 18:05:33,324 INFO  LikeList:227 - Liked the post.
2020-08-17 18:05:38,383 INFO  LikeList:206 - Closed the post
2020-08-17 18:05:43,517 INFO  LikeList:268 - Returned to the lastest post
2020-08-17 18:05:46,607 INFO  LikeList:88 - Clicked to the like list of the post
2020-08-17 18:05:52,943 INFO  LikeList:169 - Moved to akifumi.takada's profile
2020-08-17 18:05:55,998 INFO  LikeList:185 - Clicked to the latest post of picked liker
2020-08-17 18:05:58,024 INFO  LikeList:227 - Liked the post.
2020-08-17 18:06:02,087 INFO  LikeList:206 - Closed the post
2020-08-17 18:06:06,540 INFO  LikeList:268 - Returned to the lastest post
2020-08-17 18:06:10,935 INFO  Base:124 - Job Complete.
2020-08-17 18:06:58,096 INFO  LoginPage:95 - Start like function.
2020-08-17 18:06:59,941 INFO  LoginPage:22 - Accessed Instagram login page.
2020-08-17 18:07:11,558 INFO  LoginPage:85 - Accessed profile.
2020-08-17 18:07:17,613 INFO  LikeList:48 - Clicked to the latest post
2020-08-17 18:07:20,506 WARN  LikeList:94 - No one has liked this post yet.
2020-08-17 18:07:20,545 INFO  LikeList:98 - Moved to the next post because the previous post hadn't been liked
2020-08-17 18:07:23,850 INFO  LikeList:88 - Clicked to the like list of the post
2020-08-17 18:07:28,604 INFO  LikeList:169 - Moved to akifumi.takada's profile
2020-08-17 18:07:32,661 INFO  LikeList:185 - Clicked to the latest post of picked liker
2020-08-17 18:07:36,696 INFO  LikeList:227 - Liked the post.
2020-08-17 18:07:41,762 INFO  LikeList:206 - Closed the post
2020-08-17 18:07:48,526 INFO  LikeList:268 - Returned to the lastest post
2020-08-17 18:07:52,618 INFO  LikeList:88 - Clicked to the like list of the post
2020-08-17 18:07:59,121 INFO  LikeList:169 - Moved to truongquocdat.a2.pl2012's profile
2020-08-17 18:08:04,166 INFO  LikeList:185 - Clicked to the latest post of picked liker
2020-08-17 18:08:08,192 INFO  LikeList:227 - Liked the post.
2020-08-17 18:08:11,245 INFO  LikeList:206 - Closed the post
2020-08-17 18:08:16,782 INFO  LikeList:268 - Returned to the lastest post
2020-08-17 18:08:18,869 INFO  LikeList:88 - Clicked to the like list of the post
2020-08-17 18:08:24,203 INFO  LikeList:169 - Moved to tet.isi's profile
2020-08-17 18:08:27,212 WARN  LikeList:190 - The liker has no post yet.
2020-08-17 18:08:27,300 INFO  LikeList:192 - Returned to my latest post
2020-08-17 18:08:35,092 INFO  Base:124 - Job Complete.
2020-08-18 09:49:16,206 INFO  LoginPage:95 - Start like function.
2020-08-18 09:49:18,483 INFO  LoginPage:22 - Accessed Instagram login page.
2020-08-18 09:49:29,887 INFO  LoginPage:85 - Accessed profile.
2020-08-18 09:49:39,133 INFO  Base:124 - Job Complete.
2020-08-18 09:55:38,806 INFO  LoginPage:95 - Start like function.
2020-08-18 09:55:42,533 INFO  LoginPage:22 - Accessed Instagram login page.
2020-08-18 09:55:55,650 INFO  LoginPage:85 - Accessed profile.
2020-08-18 10:10:02,719 INFO  LoginPage:95 - Start like function.
2020-08-18 10:10:05,451 INFO  LoginPage:22 - Accessed Instagram login page.
2020-08-18 10:10:16,544 INFO  LoginPage:85 - Accessed profile.
2020-08-18 11:27:10,368 INFO  LoginPage:95 - Start like function.
2020-08-18 11:27:13,456 INFO  LoginPage:22 - Accessed Instagram login page.
2020-08-18 11:27:20,631 INFO  LoginPage:85 - Accessed profile.
2020-08-18 11:27:40,874 INFO  LoginPage:95 - Start like function.
2020-08-18 11:27:43,489 INFO  LoginPage:22 - Accessed Instagram login page.
2020-08-18 11:27:53,671 INFO  LoginPage:85 - Accessed profile.
2020-08-18 11:40:58,798 INFO  LoginPage:95 - Start like function.
2020-08-18 11:40:59,185 INFO  LoginPage:22 - Accessed Instagram login page.
2020-08-18 11:41:06,759 INFO  LoginPage:44 - Filled in username input.
2020-08-18 11:41:10,292 INFO  LoginPage:61 - Filled in password input.
2020-08-18 11:41:11,338 INFO  LoginPage:72 - Clicked login button.
2020-08-18 11:41:11,338 INFO  LoginPage:73 - Login Successfully
2020-08-18 11:41:19,050 INFO  LoginPage:85 - Accessed profile.
2020-08-18 11:42:35,071 INFO  LoginPage:95 - Start like function.
2020-08-18 11:42:35,465 INFO  LoginPage:22 - Accessed Instagram login page.
2020-08-18 11:42:44,787 INFO  LoginPage:44 - Filled in username input.
2020-08-18 11:42:48,316 INFO  LoginPage:61 - Filled in password input.
2020-08-18 11:42:49,363 INFO  LoginPage:72 - Clicked login button.
2020-08-18 11:42:49,363 INFO  LoginPage:73 - Login Successfully
2020-08-18 11:42:56,880 INFO  LoginPage:85 - Accessed profile.
2020-08-18 11:43:20,439 INFO  LoginPage:95 - Start like function.
2020-08-18 11:43:23,642 INFO  LoginPage:22 - Accessed Instagram login page.
2020-08-18 11:43:34,890 INFO  LoginPage:85 - Accessed profile.
2020-08-18 14:09:01,538 INFO  LoginPage:95 - Start like function.
2020-08-18 14:09:04,789 INFO  LoginPage:22 - Accessed Instagram login page.
2020-08-18 14:09:15,233 INFO  LoginPage:85 - Accessed profile.
2020-08-18 14:10:28,438 INFO  LoginPage:95 - Start like function.
2020-08-18 14:10:30,154 INFO  LoginPage:22 - Accessed Instagram login page.
2020-08-18 14:10:40,437 INFO  LoginPage:85 - Accessed profile.
2020-08-18 16:24:29,676 INFO  LoginPage:95 - Start like function.
2020-08-18 16:24:32,953 INFO  LoginPage:22 - Accessed Instagram login page.
2020-08-18 16:24:45,273 INFO  LoginPage:85 - Accessed profile.
2020-08-18 16:24:53,644 INFO  Base:160 - Job Complete.
2020-08-18 16:26:38,721 INFO  Base:161 - Job Complete.
2020-08-18 16:27:45,935 INFO  LoginPage:95 - Start like function.
2020-08-18 16:27:48,976 INFO  LoginPage:22 - Accessed Instagram login page.
2020-08-18 16:27:54,102 INFO  LoginPage:85 - Accessed profile.
2020-08-18 16:28:01,274 INFO  Base:163 - Job Complete.
2020-08-18 16:28:23,076 INFO  LoginPage:95 - Start like function.
2020-08-18 16:28:27,322 INFO  LoginPage:22 - Accessed Instagram login page.
2020-08-18 16:28:35,565 INFO  LoginPage:85 - Accessed profile.
2020-08-18 16:28:42,923 INFO  Base:163 - Job Complete.
2020-08-18 17:19:02,575 INFO  LoginPage:98 - Start like function.
2020-08-18 17:19:02,967 INFO  LoginPage:25 - Accessed Instagram login page.
2020-08-18 17:19:12,399 INFO  LoginPage:47 - Filled in username input.
2020-08-18 17:19:15,814 INFO  LoginPage:64 - Filled in password input.
2020-08-18 17:19:16,862 INFO  LoginPage:75 - Clicked login button.
2020-08-18 17:19:16,862 INFO  LoginPage:76 - Login Successfully
2020-08-18 17:19:24,896 INFO  LoginPage:88 - Accessed profile.
2020-08-18 17:32:05,974 INFO  LoginPage:100 - Start like function.
2020-08-18 17:32:09,287 INFO  LoginPage:27 - Accessed Instagram login page.
2020-08-18 17:32:19,561 INFO  LoginPage:90 - Accessed profile.
2020-08-18 17:38:19,396 INFO  LoginPage:100 - Start like function.
2020-08-18 17:38:19,780 INFO  LoginPage:27 - Accessed Instagram login page.
2020-08-18 17:38:27,349 INFO  LoginPage:49 - Filled in username input.
2020-08-18 17:38:30,604 INFO  LoginPage:66 - Filled in password input.
2020-08-18 17:38:31,648 INFO  LoginPage:77 - Clicked login button.
2020-08-18 17:38:31,648 INFO  LoginPage:78 - Login Successfully
2020-08-18 17:38:40,736 INFO  LoginPage:90 - Accessed profile.
2020-08-18 17:38:45,797 INFO  LoginPage:100 - Start like function.
2020-08-18 17:38:47,580 INFO  LoginPage:27 - Accessed Instagram login page.
2020-08-18 17:38:59,000 INFO  LoginPage:90 - Accessed profile.
2020-08-18 17:40:23,178 INFO  LoginPage:100 - Start like function.
2020-08-18 17:40:26,260 INFO  LoginPage:27 - Accessed Instagram login page.
2020-08-18 17:40:36,527 INFO  LoginPage:90 - Accessed profile.
2020-08-18 17:41:15,362 INFO  LoginPage:100 - Start like function.
2020-08-18 17:41:15,734 INFO  LoginPage:27 - Accessed Instagram login page.
2020-08-18 17:41:22,987 INFO  LoginPage:49 - Filled in username input.
2020-08-18 17:41:26,504 INFO  LoginPage:66 - Filled in password input.
2020-08-18 17:41:27,550 INFO  LoginPage:77 - Clicked login button.
2020-08-18 17:41:27,550 INFO  LoginPage:78 - Login Successfully
2020-08-18 17:41:34,668 INFO  LoginPage:90 - Accessed profile.
2020-08-18 17:42:30,839 INFO  LoginPage:100 - Start like function.
2020-08-18 17:42:31,273 INFO  LoginPage:27 - Accessed Instagram login page.
2020-08-18 17:42:39,595 INFO  LoginPage:49 - Filled in username input.
2020-08-18 17:42:43,231 INFO  LoginPage:66 - Filled in password input.
2020-08-18 17:42:44,274 INFO  LoginPage:77 - Clicked login button.
2020-08-18 17:42:44,274 INFO  LoginPage:78 - Login Successfully
2020-08-18 17:42:53,421 INFO  LoginPage:90 - Accessed profile.
2020-08-18 18:04:04,065 INFO  LoginPage:100 - Start like function.
2020-08-18 18:04:05,870 INFO  LoginPage:27 - Accessed Instagram login page.
2020-08-18 18:04:19,216 INFO  LoginPage:90 - Accessed profile.
2020-08-18 18:07:53,582 INFO  LoginPage:100 - Start like function.
2020-08-18 18:07:55,213 INFO  LoginPage:27 - Accessed Instagram login page.
2020-08-18 18:08:06,527 INFO  LoginPage:90 - Accessed profile.
2020-08-18 18:12:15,985 INFO  LoginPage:100 - Start like function.
2020-08-18 18:12:17,711 INFO  LoginPage:27 - Accessed Instagram login page.
2020-08-18 18:12:28,969 INFO  LoginPage:90 - Accessed profile.
2020-08-18 18:30:20,206 INFO  LoginPage:100 - Start like function.
2020-08-18 18:30:20,691 INFO  LoginPage:27 - Accessed Instagram login page.
2020-08-18 18:30:29,230 INFO  LoginPage:49 - Filled in username input.
2020-08-18 18:30:32,334 INFO  LoginPage:66 - Filled in password input.
2020-08-18 18:30:33,376 INFO  LoginPage:77 - Clicked login button.
2020-08-18 18:30:33,376 INFO  LoginPage:78 - Login Successfully
2020-08-18 18:30:41,451 INFO  LoginPage:90 - Accessed profile.
2020-08-19 10:22:20,982 INFO  LoginPage:105 - Start like function.
2020-08-19 10:22:21,377 INFO  LoginPage:28 - Accessed Instagram login page.
2020-08-19 10:22:28,197 INFO  LoginPage:50 - Filled in username input.
2020-08-19 10:22:31,543 INFO  LoginPage:67 - Filled in password input.
2020-08-19 10:22:32,588 INFO  LoginPage:78 - Clicked login button.
2020-08-19 10:22:37,608 WARN  LoginPage:82 - Incorrect username and password.
2020-08-19 10:25:34,040 INFO  LoginPage:105 - Start like function.
2020-08-19 10:25:35,190 INFO  LoginPage:28 - Accessed Instagram login page.
2020-08-19 10:25:42,062 INFO  LoginPage:50 - Filled in username input.
2020-08-19 10:25:45,616 INFO  LoginPage:67 - Filled in password input.
2020-08-19 10:25:46,661 INFO  LoginPage:78 - Clicked login button.
2020-08-19 10:25:51,681 WARN  LoginPage:82 - Incorrect username and password.
2020-08-19 14:13:23,299 INFO  LoginPage:105 - Start like function.
2020-08-19 14:13:25,030 INFO  LoginPage:28 - Accessed Instagram login page.
2020-08-19 14:13:30,045 INFO  LoginPage:93 - Login Successfully
2020-08-19 14:13:31,028 INFO  LoginPage:95 - Accessed profile.
2020-08-19 14:13:36,039 WARN  LikeComments:47 - No post yet.
2020-08-19 14:27:19,005 INFO  LoginPage:105 - Start like function.
2020-08-19 14:27:19,414 INFO  LoginPage:28 - Accessed Instagram login page.
2020-08-19 14:27:26,428 INFO  LoginPage:93 - Login Successfully
2020-08-19 14:27:27,248 INFO  LoginPage:95 - Accessed profile.
2020-08-19 14:27:32,260 WARN  LikeComments:47 - No post yet.
2020-08-19 14:28:36,698 INFO  LoginPage:105 - Start like function.
2020-08-19 14:28:37,107 INFO  LoginPage:28 - Accessed Instagram login page.
2020-08-19 14:28:44,808 INFO  LoginPage:50 - Filled in username input.
2020-08-19 14:28:48,953 INFO  LoginPage:67 - Filled in password input.
2020-08-19 14:28:51,165 INFO  LoginPage:78 - Clicked login button.
2020-08-19 14:28:58,187 WARN  LoginPage:82 - Incorrect username and password.
2020-08-19 14:28:58,197 WARN  LikeComments:47 - No post yet.
2020-08-19 14:31:12,551 INFO  LoginPage:105 - Start like function.
2020-08-19 14:31:12,937 INFO  LoginPage:28 - Accessed Instagram login page.
2020-08-19 14:31:19,425 INFO  LoginPage:50 - Filled in username input.
2020-08-19 14:31:23,036 INFO  LoginPage:67 - Filled in password input.
2020-08-19 14:31:25,408 INFO  LoginPage:78 - Clicked login button.
2020-08-19 14:31:32,429 WARN  LoginPage:82 - Incorrect username and password.
2020-08-19 14:31:48,860 INFO  LoginPage:105 - Start like function.
2020-08-19 14:31:49,239 INFO  LoginPage:28 - Accessed Instagram login page.
2020-08-19 14:31:55,742 INFO  LoginPage:50 - Filled in username input.
2020-08-19 14:32:00,798 INFO  LoginPage:67 - Filled in password input.
2020-08-19 14:32:02,629 INFO  LoginPage:78 - Clicked login button.
2020-08-19 14:32:07,647 ERROR LoginPage:86 - Failed to log in.
2020-08-19 14:32:07,650 INFO  LoginPage:93 - Login Successfully
2020-08-19 14:32:09,095 INFO  LoginPage:95 - Accessed profile.
2020-08-19 14:32:15,171 INFO  LikeComments:38 - Clicked to the latest post.
2020-08-19 15:01:47,132 INFO  LoginPage:108 - Start like function.
2020-08-19 15:01:49,809 INFO  LoginPage:28 - Accessed Instagram login page.
2020-08-19 15:01:59,866 INFO  LoginPage:96 - Login Successfully
2020-08-19 15:02:01,444 INFO  LoginPage:98 - Accessed profile.
2020-08-19 15:02:06,524 INFO  LikeComments:40 - Clicked to the latest post.
2020-08-19 15:02:12,650 ERROR LikeComments:132 - Failed to load more comments
2020-08-19 15:02:15,800 ERROR LikeComments:132 - Failed to load more comments
2020-08-19 15:02:19,054 ERROR LikeComments:132 - Failed to load more comments
2020-08-19 15:02:22,140 ERROR LikeComments:132 - Failed to load more comments
2020-08-19 15:02:24,772 ERROR LikeComments:132 - Failed to load more comments
2020-08-19 15:06:08,484 INFO  LoginPage:108 - Start like function.
2020-08-19 15:06:08,867 INFO  LoginPage:28 - Accessed Instagram login page.
2020-08-19 15:06:16,493 INFO  LoginPage:50 - Filled in username input.
2020-08-19 15:06:21,368 INFO  LoginPage:67 - Filled in password input.
2020-08-19 15:06:22,987 INFO  LoginPage:79 - Clicked login button.
2020-08-19 15:06:30,988 INFO  LoginPage:96 - Login Successfully
2020-08-19 15:06:32,559 INFO  LoginPage:98 - Accessed profile.
2020-08-19 15:06:37,632 INFO  LikeComments:40 - Clicked to the latest post.
2020-08-19 15:06:44,184 INFO  LikeComments:128 - Clicked to more comments
2020-08-19 15:06:51,113 INFO  LikeComments:128 - Clicked to more comments
2020-08-19 15:06:58,048 INFO  LikeComments:128 - Clicked to more comments
2020-08-19 15:07:04,419 INFO  LikeComments:128 - Clicked to more comments
2020-08-19 15:07:10,883 INFO  LikeComments:128 - Clicked to more comments
2020-08-19 15:28:18,347 INFO  LoginPage:108 - Start like function.
2020-08-19 15:28:22,376 INFO  LoginPage:28 - Accessed Instagram login page.
2020-08-19 15:28:29,390 INFO  LoginPage:96 - Login Successfully
2020-08-19 15:28:30,430 INFO  LoginPage:98 - Accessed profile.
2020-08-19 15:28:35,485 INFO  LikeComments:40 - Clicked to the latest post.
2020-08-19 15:28:38,985 WARN  LikeComments:106 - No comment yet.
2020-08-19 15:28:39,023 INFO  LikeComments:110 - Moved to the next post because the previous post had no comment
2020-08-19 15:28:42,393 INFO  LikeComments:90 - Moved to picked comment
2020-08-19 15:28:44,395 INFO  LikeComments:94 - Liked picked comment
2020-08-19 15:28:47,905 INFO  LikeComments:90 - Moved to picked comment
2020-08-19 15:28:49,906 INFO  LikeComments:94 - Liked picked comment
2020-08-19 15:28:53,516 INFO  LikeComments:90 - Moved to picked comment
2020-08-19 15:28:55,516 INFO  LikeComments:94 - Liked picked comment
2020-08-19 15:31:08,023 INFO  LoginPage:108 - Start like function.
2020-08-19 15:31:12,102 INFO  LoginPage:28 - Accessed Instagram login page.
2020-08-19 15:31:20,165 INFO  LoginPage:96 - Login Successfully
2020-08-19 15:31:21,386 INFO  LoginPage:98 - Accessed profile.
2020-08-19 15:31:25,441 INFO  LikeComments:40 - Clicked to the latest post.
2020-08-19 15:31:28,308 WARN  LikeComments:106 - No comment yet.
2020-08-19 15:31:28,345 INFO  LikeComments:110 - Moved to the next post because the previous post had no comment
2020-08-19 15:31:31,894 INFO  LikeComments:90 - Moved to pham_hung99's comment
2020-08-19 15:31:35,894 INFO  LikeComments:94 - Liked pham_hung99's comment
2020-08-19 15:31:40,487 INFO  LikeComments:90 - Moved to tet.isi's comment
2020-08-19 15:31:44,487 INFO  LikeComments:94 - Liked tet.isi's comment
2020-08-19 15:31:47,580 INFO  LikeComments:90 - Moved to hoangkhanhhhhhhhhh's comment
2020-08-19 15:31:49,581 INFO  LikeComments:94 - Liked hoangkhanhhhhhhhhh's comment
2020-08-19 15:34:46,369 INFO  LoginPage:108 - Start like function.
2020-08-19 15:34:49,766 INFO  LoginPage:28 - Accessed Instagram login page.
2020-08-19 15:34:58,824 INFO  LoginPage:96 - Login Successfully
2020-08-19 15:34:59,856 INFO  LoginPage:98 - Accessed profile.
2020-08-19 15:35:03,911 INFO  LikeComments:40 - Clicked to the latest post.
2020-08-19 15:35:06,951 WARN  LikeComments:109 - No comment yet.
2020-08-19 15:35:06,991 INFO  LikeComments:113 - Moved to the next post because the previous post had no comment
2020-08-19 15:35:10,782 INFO  LikeComments:90 - Moved to tet.isi's comment
2020-08-19 15:35:13,783 INFO  LikeComments:94 - Liked tet.isi's comment
2020-08-19 15:35:16,921 INFO  LikeComments:90 - Moved to hoangkhanhhhhhhhhh's comment
2020-08-19 15:35:18,921 INFO  LikeComments:94 - Liked hoangkhanhhhhhhhhh's comment
2020-08-19 15:35:22,764 INFO  LikeComments:90 - Moved to pham_hung99's comment
2020-08-19 15:35:25,764 INFO  LikeComments:94 - Liked pham_hung99's comment
2020-08-19 15:35:29,526 INFO  LikeComments:90 - Moved to pham_hung99's comment
2020-08-19 15:35:32,526 INFO  LikeComments:94 - Liked pham_hung99's comment
2020-08-19 15:35:35,816 INFO  LikeComments:90 - Moved to pham_hung99's comment
2020-08-19 15:35:38,817 INFO  LikeComments:94 - Liked pham_hung99's comment
2020-08-19 15:35:42,154 INFO  LikeComments:152 - Closed the post
2020-08-19 15:39:48,763 INFO  LoginPage:108 - Start like function.
2020-08-19 15:39:51,803 INFO  LoginPage:28 - Accessed Instagram login page.
2020-08-19 15:40:00,857 INFO  LoginPage:96 - Login Successfully
2020-08-19 15:40:01,874 INFO  LoginPage:98 - Accessed profile.
2020-08-19 15:40:06,932 INFO  LikeComments:41 - Clicked to the latest post.
2020-08-19 15:40:10,363 WARN  LikeComments:113 - No comment yet.
2020-08-19 15:40:10,408 INFO  LikeComments:117 - Moved to the next post because the previous post had no comment
2020-08-19 15:40:14,579 INFO  LikeComments:94 - Moved to pham_hung99's comment
2020-08-19 15:40:19,580 INFO  LikeComments:98 - Liked pham_hung99's comment
2020-08-19 15:40:24,573 INFO  LikeComments:94 - Moved to pham_hung99's comment
2020-08-19 15:40:27,575 INFO  LikeComments:98 - Liked pham_hung99's comment
2020-08-19 15:40:30,728 INFO  LikeComments:94 - Moved to pham_hung99's comment
2020-08-19 15:40:36,728 INFO  LikeComments:98 - Liked pham_hung99's comment
2020-08-19 15:40:40,925 INFO  LikeComments:94 - Moved to hoangkhanhhhhhhhhh's comment
2020-08-19 15:40:46,926 INFO  LikeComments:98 - Liked hoangkhanhhhhhhhhh's comment
2020-08-19 15:40:51,030 INFO  LikeComments:94 - Moved to tet.isi's comment
2020-08-19 15:40:55,031 INFO  LikeComments:102 - This comment has been liked
2020-08-19 15:40:55,098 INFO  LikeComments:156 - Closed the post
2020-08-19 15:46:24,496 INFO  LoginPage:108 - Start like function.
2020-08-19 15:46:27,540 INFO  LoginPage:28 - Accessed Instagram login page.
2020-08-19 15:46:36,600 INFO  LoginPage:96 - Login Successfully
2020-08-19 15:46:37,969 INFO  LoginPage:98 - Accessed profile.
2020-08-19 15:46:43,025 INFO  LikeComments:41 - Clicked to the latest post.
2020-08-19 15:46:45,573 WARN  LikeComments:129 - No comment yet.
2020-08-19 15:46:45,612 INFO  LikeComments:133 - Moved to the next post because the previous post had no comment
2020-08-19 15:46:49,241 INFO  LikeComments:106 - Moved to pham_hung99's comment
2020-08-19 15:46:53,290 INFO  LikeComments:113 - Liked pham_hung99's comment
2020-08-19 15:46:57,512 INFO  LikeComments:106 - Moved to tet.isi's comment
2020-08-19 15:47:00,513 INFO  LikeComments:117 - This comment has been liked
2020-08-19 15:47:04,242 INFO  LikeComments:106 - Moved to hoangkhanhhhhhhhhh's comment
2020-08-19 15:47:08,287 INFO  LikeComments:113 - Liked hoangkhanhhhhhhhhh's comment
2020-08-19 15:47:12,279 INFO  LikeComments:106 - Moved to pham_hung99's comment
2020-08-19 15:47:16,325 INFO  LikeComments:113 - Liked pham_hung99's comment
2020-08-19 15:47:20,216 INFO  LikeComments:106 - Moved to pham_hung99's comment
2020-08-19 15:47:25,260 INFO  LikeComments:113 - Liked pham_hung99's comment
2020-08-19 15:47:28,366 INFO  LikeComments:172 - Closed the post
2020-08-19 15:48:46,941 INFO  LoginPage:108 - Start like function.
2020-08-19 15:48:50,140 INFO  LoginPage:28 - Accessed Instagram login page.
2020-08-19 15:48:59,198 INFO  LoginPage:96 - Login Successfully
2020-08-19 15:49:00,293 INFO  LoginPage:98 - Accessed profile.
2020-08-19 15:49:04,350 INFO  LikeComments:41 - Clicked to the latest post.
2020-08-19 15:49:06,943 WARN  LikeComments:131 - No comment yet.
2020-08-19 15:49:06,981 INFO  LikeComments:135 - Moved to the next post because the previous post had no comment
2020-08-19 15:49:11,109 WARN  LikeComments:79 - All comments have been liked.
2020-08-19 15:49:11,118 WARN  LikeComments:88 - Out of post
2020-08-19 15:49:14,621 INFO  LikeComments:174 - Closed the post
